2026-02-19T15:06:28.590-03:00  INFO 4688 --- [Project-Spring] [restartedMain] com.bruno.spring.Project.Spring.Statup   : Starting Statup using Java 17.0.12 with PID 4688 (C:\Users\Bruno\Desktop\Project spring\Project Spring\Project-Spring\target\classes started by Bruno in C:\Users\Bruno\Desktop\Project spring\Project Spring\Project-Spring)
2026-02-19T15:06:28.603-03:00  INFO 4688 --- [Project-Spring] [restartedMain] com.bruno.spring.Project.Spring.Statup   : No active profile set, falling back to 1 default profile: "default"
2026-02-19T15:06:28.728-03:00  INFO 4688 --- [Project-Spring] [restartedMain] .e.DevToolsPropertyDefaultsPostProcessor : Devtools property defaults active! Set 'spring.devtools.add-properties' to 'false' to disable
2026-02-19T15:06:28.729-03:00  INFO 4688 --- [Project-Spring] [restartedMain] .e.DevToolsPropertyDefaultsPostProcessor : For additional web related logging consider setting the 'logging.level.web' property to 'DEBUG'
2026-02-19T15:06:30.548-03:00  INFO 4688 --- [Project-Spring] [restartedMain] .s.d.r.c.RepositoryConfigurationDelegate : Bootstrapping Spring Data JPA repositories in DEFAULT mode.
2026-02-19T15:06:30.704-03:00  INFO 4688 --- [Project-Spring] [restartedMain] .s.d.r.c.RepositoryConfigurationDelegate : Finished Spring Data repository scanning in 95 ms. Found 1 JPA repository interface.
2026-02-19T15:06:33.462-03:00  INFO 4688 --- [Project-Spring] [restartedMain] o.s.b.w.embedded.tomcat.TomcatWebServer  : Tomcat initialized with port 8080 (http)
2026-02-19T15:06:33.506-03:00  INFO 4688 --- [Project-Spring] [restartedMain] o.apache.catalina.core.StandardService   : Starting service [Tomcat]
2026-02-19T15:06:33.506-03:00  INFO 4688 --- [Project-Spring] [restartedMain] o.apache.catalina.core.StandardEngine    : Starting Servlet engine: [Apache Tomcat/10.1.50]
2026-02-19T15:06:33.608-03:00  INFO 4688 --- [Project-Spring] [restartedMain] o.a.c.c.C.[Tomcat].[localhost].[/]       : Initializing Spring embedded WebApplicationContext
2026-02-19T15:06:33.610-03:00  INFO 4688 --- [Project-Spring] [restartedMain] w.s.c.ServletWebServerApplicationContext : Root WebApplicationContext: initialization completed in 4879 ms
2026-02-19T15:06:34.773-03:00  INFO 4688 --- [Project-Spring] [restartedMain] com.zaxxer.hikari.HikariDataSource       : HikariPool-1 - Starting...
2026-02-19T15:06:35.177-03:00  INFO 4688 --- [Project-Spring] [restartedMain] com.zaxxer.hikari.pool.HikariPool        : HikariPool-1 - Added connection com.mysql.cj.jdbc.ConnectionImpl@365accd3
2026-02-19T15:06:35.188-03:00  INFO 4688 --- [Project-Spring] [restartedMain] com.zaxxer.hikari.HikariDataSource       : HikariPool-1 - Start completed.
2026-02-19T15:06:35.531-03:00  INFO 4688 --- [Project-Spring] [restartedMain] org.flywaydb.core.FlywayExecutor         : Database: jdbc:mysql://localhost:3306/Spring_project (MySQL 5.5)
2026-02-19T15:06:35.753-03:00  INFO 4688 --- [Project-Spring] [restartedMain] o.f.core.internal.command.DbValidate     : Successfully validated 2 migrations (execution time 00:00.165s)
2026-02-19T15:06:35.792-03:00  INFO 4688 --- [Project-Spring] [restartedMain] o.f.core.internal.command.DbMigrate      : Current version of schema `spring_project`: 2
2026-02-19T15:06:35.806-03:00  INFO 4688 --- [Project-Spring] [restartedMain] o.f.core.internal.command.DbMigrate      : Schema `spring_project` is up to date. No migration necessary.
2026-02-19T15:06:36.103-03:00  INFO 4688 --- [Project-Spring] [restartedMain] o.hibernate.jpa.internal.util.LogHelper  : HHH000204: Processing PersistenceUnitInfo [name: default]
2026-02-19T15:06:36.451-03:00  INFO 4688 --- [Project-Spring] [restartedMain] org.hibernate.Version                    : HHH000412: Hibernate ORM core version 6.6.41.Final
2026-02-19T15:06:36.669-03:00  INFO 4688 --- [Project-Spring] [restartedMain] o.h.c.internal.RegionFactoryInitiator    : HHH000026: Second-level cache disabled
2026-02-19T15:06:37.306-03:00  INFO 4688 --- [Project-Spring] [restartedMain] o.s.o.j.p.SpringPersistenceUnitInfo      : No LoadTimeWeaver setup: ignoring JPA class transformer
2026-02-19T15:06:37.387-03:00  WARN 4688 --- [Project-Spring] [restartedMain] org.hibernate.dialect.Dialect            : HHH000511: The 5.5.5 version for [org.hibernate.dialect.MySQLDialect] is no longer supported, hence certain features may not work properly. The minimum supported version is 8.0.0. Check the community dialects project for available legacy versions.
2026-02-19T15:06:37.415-03:00  INFO 4688 --- [Project-Spring] [restartedMain] org.hibernate.orm.connections.pooling    : HHH10001005: Database info:
	Database JDBC URL [Connecting through datasource 'HikariDataSource (HikariPool-1)']
	Database driver: undefined/unknown
	Database version: 5.5.5
	Autocommit mode: undefined/unknown
	Isolation level: undefined/unknown
	Minimum pool size: undefined/unknown
	Maximum pool size: undefined/unknown
2026-02-19T15:06:38.447-03:00  INFO 4688 --- [Project-Spring] [restartedMain] o.h.e.t.j.p.i.JtaPlatformInitiator       : HHH000489: No JTA platform available (set 'hibernate.transaction.jta.platform' to enable JTA platform integration)
2026-02-19T15:06:38.450-03:00  INFO 4688 --- [Project-Spring] [restartedMain] j.LocalContainerEntityManagerFactoryBean : Initialized JPA EntityManagerFactory for persistence unit 'default'
2026-02-19T15:06:39.419-03:00  WARN 4688 --- [Project-Spring] [restartedMain] JpaBaseConfiguration$JpaWebConfiguration : spring.jpa.open-in-view is enabled by default. Therefore, database queries may be performed during view rendering. Explicitly configure spring.jpa.open-in-view to disable this warning
2026-02-19T15:06:40.774-03:00  INFO 4688 --- [Project-Spring] [restartedMain] o.s.b.d.a.OptionalLiveReloadServer       : LiveReload server is running on port 35729
2026-02-19T15:06:40.857-03:00  INFO 4688 --- [Project-Spring] [restartedMain] o.s.b.w.embedded.tomcat.TomcatWebServer  : Tomcat started on port 8080 (http) with context path '/'
2026-02-19T15:06:40.877-03:00  INFO 4688 --- [Project-Spring] [restartedMain] com.bruno.spring.Project.Spring.Statup   : Started Statup in 13.242 seconds (process running for 14.22)
2026-02-19T15:06:40.888-03:00  WARN 4688 --- [Project-Spring] [restartedMain] o.s.core.events.SpringDocAppInitializer  : SpringDoc /v3/api-docs endpoint is enabled by default. To disable it in production, set the property 'springdoc.api-docs.enabled=false'
2026-02-19T15:06:40.888-03:00  WARN 4688 --- [Project-Spring] [restartedMain] o.s.core.events.SpringDocAppInitializer  : SpringDoc /swagger-ui.html endpoint is enabled by default. To disable it in production, set the property 'springdoc.swagger-ui.enabled=false'
2026-02-19T15:06:54.457-03:00  INFO 4688 --- [Project-Spring] [http-nio-8080-exec-1] o.a.c.c.C.[Tomcat].[localhost].[/]       : Initializing Spring DispatcherServlet 'dispatcherServlet'
2026-02-19T15:06:54.458-03:00  INFO 4688 --- [Project-Spring] [http-nio-8080-exec-1] o.s.web.servlet.DispatcherServlet        : Initializing Servlet 'dispatcherServlet'
2026-02-19T15:06:54.464-03:00  INFO 4688 --- [Project-Spring] [http-nio-8080-exec-1] o.s.web.servlet.DispatcherServlet        : Completed initialization in 5 ms
2026-02-19T15:06:56.061-03:00  INFO 4688 --- [Project-Spring] [http-nio-8080-exec-9] o.springdoc.api.AbstractOpenApiResource  : Init duration for springdoc-openapi is: 961 ms
2026-02-19T15:07:54.615-03:00  INFO 4688 --- [Project-Spring] [http-nio-8080-exec-10] c.b.s.P.Spring.services.PersonServices   : Finding all people!
2026-02-19T15:07:55.053-03:00  INFO 4688 --- [Project-Spring] [http-nio-8080-exec-10] c.g.dozermapper.core.util.RuntimeUtils   : OSGi support is false
2026-02-19T15:07:55.057-03:00  INFO 4688 --- [Project-Spring] [http-nio-8080-exec-10] c.g.d.core.DozerBeanMapperBuilder        : Initializing Dozer. Version: 7.0.0, Thread Name: http-nio-8080-exec-10
2026-02-19T15:07:55.068-03:00  INFO 4688 --- [Project-Spring] [http-nio-8080-exec-10] d.c.c.r.LegacyPropertiesSettingsResolver : Trying to find Dozer configuration file: dozer.properties
2026-02-19T15:07:55.070-03:00  INFO 4688 --- [Project-Spring] [http-nio-8080-exec-10] d.c.c.r.LegacyPropertiesSettingsResolver : Failed to find dozer.properties via com.github.dozermapper.core.config.resolvers.LegacyPropertiesSettingsResolver.
2026-02-19T15:07:55.081-03:00  INFO 4688 --- [Project-Spring] [http-nio-8080-exec-10] c.g.d.core.el.ELExpressionFactory        : jakarta.el is not supported; Failed to resolve ExpressionFactory, com.sun.el.ExpressionFactoryImpl
2026-02-19T15:08:35.523-03:00  INFO 4688 --- [Project-Spring] [SpringApplicationShutdownHook] o.s.b.w.e.tomcat.GracefulShutdown        : Commencing graceful shutdown. Waiting for active requests to complete
2026-02-19T15:08:35.568-03:00  INFO 4688 --- [Project-Spring] [tomcat-shutdown] o.s.b.w.e.tomcat.GracefulShutdown        : Graceful shutdown complete
2026-02-19T15:08:35.574-03:00  INFO 4688 --- [Project-Spring] [SpringApplicationShutdownHook] j.LocalContainerEntityManagerFactoryBean : Closing JPA EntityManagerFactory for persistence unit 'default'
2026-02-19T15:08:35.580-03:00  INFO 4688 --- [Project-Spring] [SpringApplicationShutdownHook] com.zaxxer.hikari.HikariDataSource       : HikariPool-1 - Shutdown initiated...
2026-02-19T15:08:35.599-03:00  INFO 4688 --- [Project-Spring] [SpringApplicationShutdownHook] com.zaxxer.hikari.HikariDataSource       : HikariPool-1 - Shutdown completed.
2026-02-19T16:08:55.377-03:00  INFO 11024 --- [Project-Spring] [restartedMain] com.bruno.spring.Project.Spring.Statup   : Starting Statup using Java 17.0.12 with PID 11024 (C:\Users\Bruno\Desktop\Project spring\Project Spring\Project-Spring\target\classes started by Bruno in C:\Users\Bruno\Desktop\Project spring\Project Spring\Project-Spring)
2026-02-19T16:08:55.380-03:00  INFO 11024 --- [Project-Spring] [restartedMain] com.bruno.spring.Project.Spring.Statup   : No active profile set, falling back to 1 default profile: "default"
2026-02-19T16:08:55.479-03:00  INFO 11024 --- [Project-Spring] [restartedMain] .e.DevToolsPropertyDefaultsPostProcessor : Devtools property defaults active! Set 'spring.devtools.add-properties' to 'false' to disable
2026-02-19T16:08:55.479-03:00  INFO 11024 --- [Project-Spring] [restartedMain] .e.DevToolsPropertyDefaultsPostProcessor : For additional web related logging consider setting the 'logging.level.web' property to 'DEBUG'
2026-02-19T16:08:56.914-03:00  INFO 11024 --- [Project-Spring] [restartedMain] .s.d.r.c.RepositoryConfigurationDelegate : Bootstrapping Spring Data JPA repositories in DEFAULT mode.
2026-02-19T16:08:57.032-03:00  INFO 11024 --- [Project-Spring] [restartedMain] .s.d.r.c.RepositoryConfigurationDelegate : Finished Spring Data repository scanning in 101 ms. Found 1 JPA repository interface.
2026-02-19T16:08:58.075-03:00  INFO 11024 --- [Project-Spring] [restartedMain] o.s.b.w.embedded.tomcat.TomcatWebServer  : Tomcat initialized with port 8080 (http)
2026-02-19T16:08:58.093-03:00  INFO 11024 --- [Project-Spring] [restartedMain] o.apache.catalina.core.StandardService   : Starting service [Tomcat]
2026-02-19T16:08:58.094-03:00  INFO 11024 --- [Project-Spring] [restartedMain] o.apache.catalina.core.StandardEngine    : Starting Servlet engine: [Apache Tomcat/10.1.50]
2026-02-19T16:08:58.159-03:00  INFO 11024 --- [Project-Spring] [restartedMain] o.a.c.c.C.[Tomcat].[localhost].[/]       : Initializing Spring embedded WebApplicationContext
2026-02-19T16:08:58.159-03:00  INFO 11024 --- [Project-Spring] [restartedMain] w.s.c.ServletWebServerApplicationContext : Root WebApplicationContext: initialization completed in 2679 ms
2026-02-19T16:08:58.816-03:00  INFO 11024 --- [Project-Spring] [restartedMain] com.zaxxer.hikari.HikariDataSource       : HikariPool-1 - Starting...
2026-02-19T16:08:59.147-03:00  INFO 11024 --- [Project-Spring] [restartedMain] com.zaxxer.hikari.pool.HikariPool        : HikariPool-1 - Added connection com.mysql.cj.jdbc.ConnectionImpl@692c19f4
2026-02-19T16:08:59.150-03:00  INFO 11024 --- [Project-Spring] [restartedMain] com.zaxxer.hikari.HikariDataSource       : HikariPool-1 - Start completed.
2026-02-19T16:08:59.326-03:00  INFO 11024 --- [Project-Spring] [restartedMain] org.flywaydb.core.FlywayExecutor         : Database: jdbc:mysql://localhost:3306/Spring_project (MySQL 5.5)
2026-02-19T16:08:59.427-03:00  INFO 11024 --- [Project-Spring] [restartedMain] o.f.core.internal.command.DbValidate     : Successfully validated 4 migrations (execution time 00:00.070s)
2026-02-19T16:08:59.442-03:00  INFO 11024 --- [Project-Spring] [restartedMain] o.f.core.internal.command.DbMigrate      : Current version of schema `spring_project`: 2
2026-02-19T16:08:59.456-03:00  INFO 11024 --- [Project-Spring] [restartedMain] o.f.core.internal.command.DbMigrate      : Migrating schema `spring_project` to version "3 - Create Table Books"
2026-02-19T16:08:59.592-03:00  INFO 11024 --- [Project-Spring] [restartedMain] o.f.core.internal.command.DbMigrate      : Migrating schema `spring_project` to version "4 - Insert Data In Books"
2026-02-19T16:08:59.629-03:00  INFO 11024 --- [Project-Spring] [restartedMain] o.f.core.internal.command.DbMigrate      : Successfully applied 2 migrations to schema `spring_project`, now at version v4 (execution time 00:00.058s)
2026-02-19T16:08:59.879-03:00  INFO 11024 --- [Project-Spring] [restartedMain] o.hibernate.jpa.internal.util.LogHelper  : HHH000204: Processing PersistenceUnitInfo [name: default]
2026-02-19T16:08:59.973-03:00  INFO 11024 --- [Project-Spring] [restartedMain] org.hibernate.Version                    : HHH000412: Hibernate ORM core version 6.6.41.Final
2026-02-19T16:09:00.040-03:00  INFO 11024 --- [Project-Spring] [restartedMain] o.h.c.internal.RegionFactoryInitiator    : HHH000026: Second-level cache disabled
2026-02-19T16:09:00.399-03:00  INFO 11024 --- [Project-Spring] [restartedMain] o.s.o.j.p.SpringPersistenceUnitInfo      : No LoadTimeWeaver setup: ignoring JPA class transformer
2026-02-19T16:09:00.458-03:00  WARN 11024 --- [Project-Spring] [restartedMain] org.hibernate.dialect.Dialect            : HHH000511: The 5.5.5 version for [org.hibernate.dialect.MySQLDialect] is no longer supported, hence certain features may not work properly. The minimum supported version is 8.0.0. Check the community dialects project for available legacy versions.
2026-02-19T16:09:00.477-03:00  INFO 11024 --- [Project-Spring] [restartedMain] org.hibernate.orm.connections.pooling    : HHH10001005: Database info:
	Database JDBC URL [Connecting through datasource 'HikariDataSource (HikariPool-1)']
	Database driver: undefined/unknown
	Database version: 5.5.5
	Autocommit mode: undefined/unknown
	Isolation level: undefined/unknown
	Minimum pool size: undefined/unknown
	Maximum pool size: undefined/unknown
2026-02-19T16:09:01.686-03:00  INFO 11024 --- [Project-Spring] [restartedMain] o.h.e.t.j.p.i.JtaPlatformInitiator       : HHH000489: No JTA platform available (set 'hibernate.transaction.jta.platform' to enable JTA platform integration)
2026-02-19T16:09:01.689-03:00  INFO 11024 --- [Project-Spring] [restartedMain] j.LocalContainerEntityManagerFactoryBean : Initialized JPA EntityManagerFactory for persistence unit 'default'
2026-02-19T16:09:02.356-03:00  WARN 11024 --- [Project-Spring] [restartedMain] JpaBaseConfiguration$JpaWebConfiguration : spring.jpa.open-in-view is enabled by default. Therefore, database queries may be performed during view rendering. Explicitly configure spring.jpa.open-in-view to disable this warning
2026-02-19T16:09:03.444-03:00  INFO 11024 --- [Project-Spring] [restartedMain] o.s.b.d.a.OptionalLiveReloadServer       : LiveReload server is running on port 35729
2026-02-19T16:09:03.516-03:00  INFO 11024 --- [Project-Spring] [restartedMain] o.s.b.w.embedded.tomcat.TomcatWebServer  : Tomcat started on port 8080 (http) with context path '/'
2026-02-19T16:09:03.532-03:00  INFO 11024 --- [Project-Spring] [restartedMain] com.bruno.spring.Project.Spring.Statup   : Started Statup in 9.063 seconds (process running for 9.76)
2026-02-19T16:09:03.539-03:00  WARN 11024 --- [Project-Spring] [restartedMain] o.s.core.events.SpringDocAppInitializer  : SpringDoc /v3/api-docs endpoint is enabled by default. To disable it in production, set the property 'springdoc.api-docs.enabled=false'
2026-02-19T16:09:03.539-03:00  WARN 11024 --- [Project-Spring] [restartedMain] o.s.core.events.SpringDocAppInitializer  : SpringDoc /swagger-ui.html endpoint is enabled by default. To disable it in production, set the property 'springdoc.swagger-ui.enabled=false'
2026-02-19T16:09:47.393-03:00  INFO 11024 --- [Project-Spring] [SpringApplicationShutdownHook] o.s.b.w.e.tomcat.GracefulShutdown        : Commencing graceful shutdown. Waiting for active requests to complete
2026-02-19T16:09:47.429-03:00  INFO 11024 --- [Project-Spring] [tomcat-shutdown] o.s.b.w.e.tomcat.GracefulShutdown        : Graceful shutdown complete
2026-02-19T16:09:47.436-03:00  INFO 11024 --- [Project-Spring] [SpringApplicationShutdownHook] j.LocalContainerEntityManagerFactoryBean : Closing JPA EntityManagerFactory for persistence unit 'default'
2026-02-19T16:09:47.441-03:00  INFO 11024 --- [Project-Spring] [SpringApplicationShutdownHook] com.zaxxer.hikari.HikariDataSource       : HikariPool-1 - Shutdown initiated...
2026-02-19T16:09:47.459-03:00  INFO 11024 --- [Project-Spring] [SpringApplicationShutdownHook] com.zaxxer.hikari.HikariDataSource       : HikariPool-1 - Shutdown completed.
2026-02-19T18:15:12.116-03:00  INFO 13020 --- [Project-Spring] [restartedMain] com.bruno.spring.Project.Spring.Statup   : Starting Statup using Java 17.0.12 with PID 13020 (C:\Users\Bruno\Desktop\Project spring\Project Spring\Project-Spring\target\classes started by Bruno in C:\Users\Bruno\Desktop\Project spring\Project Spring\Project-Spring)
2026-02-19T18:15:12.121-03:00  INFO 13020 --- [Project-Spring] [restartedMain] com.bruno.spring.Project.Spring.Statup   : No active profile set, falling back to 1 default profile: "default"
2026-02-19T18:15:12.245-03:00  INFO 13020 --- [Project-Spring] [restartedMain] .e.DevToolsPropertyDefaultsPostProcessor : Devtools property defaults active! Set 'spring.devtools.add-properties' to 'false' to disable
2026-02-19T18:15:12.245-03:00  INFO 13020 --- [Project-Spring] [restartedMain] .e.DevToolsPropertyDefaultsPostProcessor : For additional web related logging consider setting the 'logging.level.web' property to 'DEBUG'
2026-02-19T18:15:13.939-03:00  INFO 13020 --- [Project-Spring] [restartedMain] .s.d.r.c.RepositoryConfigurationDelegate : Bootstrapping Spring Data JPA repositories in DEFAULT mode.
2026-02-19T18:15:14.070-03:00  INFO 13020 --- [Project-Spring] [restartedMain] .s.d.r.c.RepositoryConfigurationDelegate : Finished Spring Data repository scanning in 101 ms. Found 2 JPA repository interfaces.
2026-02-19T18:15:15.540-03:00  INFO 13020 --- [Project-Spring] [restartedMain] o.s.b.w.embedded.tomcat.TomcatWebServer  : Tomcat initialized with port 8080 (http)
2026-02-19T18:15:15.577-03:00  INFO 13020 --- [Project-Spring] [restartedMain] o.apache.catalina.core.StandardService   : Starting service [Tomcat]
2026-02-19T18:15:15.578-03:00  INFO 13020 --- [Project-Spring] [restartedMain] o.apache.catalina.core.StandardEngine    : Starting Servlet engine: [Apache Tomcat/10.1.50]
2026-02-19T18:15:15.651-03:00  INFO 13020 --- [Project-Spring] [restartedMain] o.a.c.c.C.[Tomcat].[localhost].[/]       : Initializing Spring embedded WebApplicationContext
2026-02-19T18:15:15.652-03:00  INFO 13020 --- [Project-Spring] [restartedMain] w.s.c.ServletWebServerApplicationContext : Root WebApplicationContext: initialization completed in 3406 ms
2026-02-19T18:15:16.343-03:00  INFO 13020 --- [Project-Spring] [restartedMain] com.zaxxer.hikari.HikariDataSource       : HikariPool-1 - Starting...
2026-02-19T18:15:16.607-03:00  INFO 13020 --- [Project-Spring] [restartedMain] com.zaxxer.hikari.pool.HikariPool        : HikariPool-1 - Added connection com.mysql.cj.jdbc.ConnectionImpl@51d07295
2026-02-19T18:15:16.613-03:00  INFO 13020 --- [Project-Spring] [restartedMain] com.zaxxer.hikari.HikariDataSource       : HikariPool-1 - Start completed.
2026-02-19T18:15:16.872-03:00  INFO 13020 --- [Project-Spring] [restartedMain] org.flywaydb.core.FlywayExecutor         : Database: jdbc:mysql://localhost:3306/Spring_project (MySQL 5.5)
2026-02-19T18:15:17.001-03:00  INFO 13020 --- [Project-Spring] [restartedMain] o.f.core.internal.command.DbValidate     : Successfully validated 4 migrations (execution time 00:00.058s)
2026-02-19T18:15:17.019-03:00  INFO 13020 --- [Project-Spring] [restartedMain] o.f.core.internal.command.DbMigrate      : Current version of schema `spring_project`: 4
2026-02-19T18:15:17.025-03:00  INFO 13020 --- [Project-Spring] [restartedMain] o.f.core.internal.command.DbMigrate      : Schema `spring_project` is up to date. No migration necessary.
2026-02-19T18:15:17.237-03:00  INFO 13020 --- [Project-Spring] [restartedMain] o.hibernate.jpa.internal.util.LogHelper  : HHH000204: Processing PersistenceUnitInfo [name: default]
2026-02-19T18:15:17.381-03:00  INFO 13020 --- [Project-Spring] [restartedMain] org.hibernate.Version                    : HHH000412: Hibernate ORM core version 6.6.41.Final
2026-02-19T18:15:17.448-03:00  INFO 13020 --- [Project-Spring] [restartedMain] o.h.c.internal.RegionFactoryInitiator    : HHH000026: Second-level cache disabled
2026-02-19T18:15:17.823-03:00  INFO 13020 --- [Project-Spring] [restartedMain] o.s.o.j.p.SpringPersistenceUnitInfo      : No LoadTimeWeaver setup: ignoring JPA class transformer
2026-02-19T18:15:17.885-03:00  WARN 13020 --- [Project-Spring] [restartedMain] org.hibernate.dialect.Dialect            : HHH000511: The 5.5.5 version for [org.hibernate.dialect.MySQLDialect] is no longer supported, hence certain features may not work properly. The minimum supported version is 8.0.0. Check the community dialects project for available legacy versions.
2026-02-19T18:15:17.906-03:00  INFO 13020 --- [Project-Spring] [restartedMain] org.hibernate.orm.connections.pooling    : HHH10001005: Database info:
	Database JDBC URL [Connecting through datasource 'HikariDataSource (HikariPool-1)']
	Database driver: undefined/unknown
	Database version: 5.5.5
	Autocommit mode: undefined/unknown
	Isolation level: undefined/unknown
	Minimum pool size: undefined/unknown
	Maximum pool size: undefined/unknown
2026-02-19T18:15:18.955-03:00  INFO 13020 --- [Project-Spring] [restartedMain] o.h.e.t.j.p.i.JtaPlatformInitiator       : HHH000489: No JTA platform available (set 'hibernate.transaction.jta.platform' to enable JTA platform integration)
2026-02-19T18:15:18.959-03:00  INFO 13020 --- [Project-Spring] [restartedMain] j.LocalContainerEntityManagerFactoryBean : Initialized JPA EntityManagerFactory for persistence unit 'default'
2026-02-19T18:15:19.647-03:00  WARN 13020 --- [Project-Spring] [restartedMain] JpaBaseConfiguration$JpaWebConfiguration : spring.jpa.open-in-view is enabled by default. Therefore, database queries may be performed during view rendering. Explicitly configure spring.jpa.open-in-view to disable this warning
2026-02-19T18:15:21.148-03:00  INFO 13020 --- [Project-Spring] [restartedMain] o.s.b.d.a.OptionalLiveReloadServer       : LiveReload server is running on port 35729
2026-02-19T18:15:21.236-03:00  INFO 13020 --- [Project-Spring] [restartedMain] o.s.b.w.embedded.tomcat.TomcatWebServer  : Tomcat started on port 8080 (http) with context path '/'
2026-02-19T18:15:21.253-03:00  INFO 13020 --- [Project-Spring] [restartedMain] com.bruno.spring.Project.Spring.Statup   : Started Statup in 10.089 seconds (process running for 10.945)
2026-02-19T18:15:21.259-03:00  WARN 13020 --- [Project-Spring] [restartedMain] o.s.core.events.SpringDocAppInitializer  : SpringDoc /v3/api-docs endpoint is enabled by default. To disable it in production, set the property 'springdoc.api-docs.enabled=false'
2026-02-19T18:15:21.259-03:00  WARN 13020 --- [Project-Spring] [restartedMain] o.s.core.events.SpringDocAppInitializer  : SpringDoc /swagger-ui.html endpoint is enabled by default. To disable it in production, set the property 'springdoc.swagger-ui.enabled=false'
2026-02-19T18:16:05.848-03:00  INFO 13020 --- [Project-Spring] [http-nio-8080-exec-2] o.a.c.c.C.[Tomcat].[localhost].[/]       : Initializing Spring DispatcherServlet 'dispatcherServlet'
2026-02-19T18:16:05.849-03:00  INFO 13020 --- [Project-Spring] [http-nio-8080-exec-2] o.s.web.servlet.DispatcherServlet        : Initializing Servlet 'dispatcherServlet'
2026-02-19T18:16:05.851-03:00  INFO 13020 --- [Project-Spring] [http-nio-8080-exec-2] o.s.web.servlet.DispatcherServlet        : Completed initialization in 1 ms
2026-02-19T18:16:06.201-03:00  WARN 13020 --- [Project-Spring] [http-nio-8080-exec-2] .m.m.a.ExceptionHandlerExceptionResolver : Resolved [org.springframework.web.servlet.resource.NoResourceFoundException: No static resource api/books/All.]
2026-02-19T18:16:54.654-03:00  INFO 13020 --- [Project-Spring] [SpringApplicationShutdownHook] o.s.b.w.e.tomcat.GracefulShutdown        : Commencing graceful shutdown. Waiting for active requests to complete
2026-02-19T18:16:54.689-03:00  INFO 13020 --- [Project-Spring] [tomcat-shutdown] o.s.b.w.e.tomcat.GracefulShutdown        : Graceful shutdown complete
2026-02-19T18:16:54.694-03:00  INFO 13020 --- [Project-Spring] [SpringApplicationShutdownHook] j.LocalContainerEntityManagerFactoryBean : Closing JPA EntityManagerFactory for persistence unit 'default'
2026-02-19T18:16:54.699-03:00  INFO 13020 --- [Project-Spring] [SpringApplicationShutdownHook] com.zaxxer.hikari.HikariDataSource       : HikariPool-1 - Shutdown initiated...
2026-02-19T18:16:54.715-03:00  INFO 13020 --- [Project-Spring] [SpringApplicationShutdownHook] com.zaxxer.hikari.HikariDataSource       : HikariPool-1 - Shutdown completed.
